<?xml version="1.0" encoding="UTF-8" standalone="yes"?><!DOCTYPE report PUBLIC "-//JACOCO//DTD Report 1.1//EN" "report.dtd"><report name="mentorpath"><sessioninfo id="Salma-ca616e2a" start="1778719217002" dump="1778719222948"/><sessioninfo id="Salma-f16760f" start="1778719241692" dump="1778719247881"/><sessioninfo id="Salma-1ceb8c86" start="1778719389350" dump="1778719396205"/><sessioninfo id="Salma-e06788b8" start="1778719616424" dump="1778719622331"/><sessioninfo id="Salma-16ab4ca3" start="1778719929277" dump="1778719936380"/><sessioninfo id="Salma-81b9f401" start="1778720062190" dump="1778720067825"/><sessioninfo id="Salma-f035a45d" start="1778720109697" dump="1778720125225"/><sessioninfo id="Salma-437826fa" start="1778720437975" dump="1778720444843"/><sessioninfo id="Salma-6d6211cc" start="1778720575873" dump="1778720582635"/><sessioninfo id="Salma-15d243b5" start="1778720948417" dump="1778720963387"/><sessioninfo id="Salma-934f2916" start="1778721307217" dump="1778721313994"/><package name="ma/ensias/mentorpath/common"><class name="ma/ensias/mentorpath/common/ApiResponse" sourcefilename="ApiResponse.java"><method name="success" desc="(Ljava/lang/String;Ljava/lang/Object;)Lma/ensias/mentorpath/common/ApiResponse;" line="30"><counter type="INSTRUCTION" missed="7" covered="0"/><counter type="LINE" missed="1" covered="0"/><counter type="COMPLEXITY" missed="1" covered="0"/><counter type="METHOD" missed="1" covered="0"/></method><method name="success" desc="(Ljava/lang/String;)Lma/ensias/mentorpath/common/ApiResponse;" line="35"><counter type="INSTRUCTION" missed="7" covered="0"/><counter type="LINE" missed="1" covered="0"/><counter type="COMPLEXITY" missed="1" covered="0"/><counter type="METHOD" missed="1" covered="0"/></method><method name="error" desc="(Ljava/lang/String;)Lma/ensias/mentorpath/common/ApiResponse;" line="40"><counter type="INSTRUCTION" missed="7" covered="0"/><counter type="LINE" missed="1" covered="0"/><counter type="COMPLEXITY" missed="1" covered="0"/><counter type="METHOD" missed="1" covered="0"/></method><counter type="INSTRUCTION" missed="21" covered="0"/><counter type="LINE" missed="3" covered="0"/><counter type="COMPLEXITY" missed="3" covered="0"/><counter type="METHOD" missed="3" covered="0"/><counter type="CLASS" missed="1" covered="0"/></class><sourcefile name="ApiResponse.java"><line nr="30" mi="7" ci="0" mb="0" cb="0"/><line nr="35" mi="7" ci="0" mb="0" cb="0"/><line nr="40" mi="7" ci="0" mb="0" cb="0"/><counter type="INSTRUCTION" missed="21" covered="0"/><counter type="LINE" missed="3" covered="0"/><counter type="COMPLEXITY" missed="3" covered="0"/><counter type="METHOD" missed="3" covered="0"/><counter type="CLASS" missed="1" covered="0"/></sourcefile><counter type="INSTRUCTION" missed="21" covered="0"/><counter type="LINE" missed="3" covered="0"/><counter type="COMPLEXITY" missed="3" covered="0"/><counter type="METHOD" missed="3" covered="0"/><counter type="CLASS" missed="1" covered="0"/></package><package name="ma/ensias/mentorpath/exception"><class name="ma/ensias/mentorpath/exception/GlobalExceptionHandler" sourcefilename="GlobalExceptionHandler.java"><method name="&lt;init&gt;" desc="()V" line="23"><counter type="INSTRUCTION" missed="3" covered="0"/><counter type="LINE" missed="1" covered="0"/><counter type="COMPLEXITY" missed="1" covered="0"/><counter type="METHOD" missed="1" covered="0"/></method><method name="handleNotFound" desc="(Lma/ensias/mentorpath/exception/ResourceNotFoundException;)Lorg/springframework/http/ResponseEntity;" line="28"><counter type="INSTRUCTION" missed="7" covered="0"/><counter type="LINE" missed="3" covered="0"/><counter type="COMPLEXITY" missed="1" covered="0"/><counter type="METHOD" missed="1" covered="0"/></method><method name="handleEmailConflict" desc="(Lma/ensias/mentorpath/exception/EmailAlreadyUsedException;)Lorg/springframework/http/ResponseEntity;" line="36"><counter type="INSTRUCTION" missed="7" covered="0"/><counter type="LINE" missed="3" covered="0"/><counter type="COMPLEXITY" missed="1" covered="0"/><counter type="METHOD" missed="1" covered="0"/></method><method name="handleBadCredentials" desc="(Lorg/springframework/security/authentication/BadCredentialsException;)Lorg/springframework/http/ResponseEntity;" line="44"><counter type="INSTRUCTION" missed="6" covered="0"/><counter type="LINE" missed="3" covered="0"/><counter type="COMPLEXITY" missed="1" covered="0"/><counter type="METHOD" missed="1" covered="0"/></method><method name="handleValidation" desc="(Lorg/springframework/web/bind/MethodArgumentNotValidException;)Lorg/springframework/http/ResponseEntity;" line="57"><counter type="INSTRUCTION" missed="34" covered="0"/><counter type="BRANCH" missed="2" covered="0"/><counter type="LINE" missed="6" covered="0"/><counter type="COMPLEXITY" missed="2" covered="0"/><counter type="METHOD" missed="1" covered="0"/></method><method name="handleGeneric" desc="(Ljava/lang/Exception;)Lorg/springframework/http/ResponseEntity;" line="70"><counter type="INSTRUCTION" missed="8" covered="0"/><counter type="LINE" missed="3" covered="0"/><counter type="COMPLEXITY" missed="1" covered="0"/><counter type="METHOD" missed="1" covered="0"/></method><counter type="INSTRUCTION" missed="65" covered="0"/><counter type="BRANCH" missed="2" covered="0"/><counter type="LINE" missed="19" covered="0"/><counter type="COMPLEXITY" missed="7" covered="0"/><counter type="METHOD" missed="6" covered="0"/><counter type="CLASS" missed="1" covered="0"/></class><class name="ma/ensias/mentorpath/exception/ResourceNotFoundException" sourcefilename="ResourceNotFoundException.java"><method name="&lt;init&gt;" desc="(Ljava/lang/String;)V" line="14"><counter type="INSTRUCTION" missed="0" covered="4"/><counter type="LINE" missed="0" covered="2"/><counter type="COMPLEXITY" missed="0" covered="1"/><counter type="METHOD" missed="0" covered="1"/></method><method name="&lt;init&gt;" desc="(Ljava/lang/String;Ljava/lang/Long;)V" line="18"><counter type="INSTRUCTION" missed="7" covered="0"/><counter type="LINE" missed="2" covered="0"/><counter type="COMPLEXITY" missed="1" covered="0"/><counter type="METHOD" missed="1" covered="0"/></method><counter type="INSTRUCTION" missed="7" covered="4"/><counter type="LINE" missed="2" covered="2"/><counter type="COMPLEXITY" missed="1" covered="1"/><counter type="METHOD" missed="1" covered="1"/><counter type="CLASS" missed="0" covered="1"/></class><class name="ma/ensias/mentorpath/exception/EmailAlreadyUsedException" sourcefilename="EmailAlreadyUsedException.java"><method name="&lt;init&gt;" desc="(Ljava/lang/String;)V" line="14"><counter type="INSTRUCTION" missed="0" covered="5"/><counter type="LINE" missed="0" covered="2"/><counter type="COMPLEXITY" missed="0" covered="1"/><counter type="METHOD" missed="0" covered="1"/></method><counter type="INSTRUCTION" missed="0" covered="5"/><counter type="LINE" missed="0" covered="2"/><counter type="COMPLEXITY" missed="0" covered="1"/><counter type="METHOD" missed="0" covered="1"/><counter type="CLASS" missed="0" covered="1"/></class><sourcefile name="GlobalExceptionHandler.java"><line nr="23" mi="3" ci="0" mb="0" cb="0"/><line nr="28" mi="1" ci="0" mb="0" cb="0"/><line nr="29" mi="2" ci="0" mb="0" cb="0"/><line nr="30" mi="4" ci="0" mb="0" cb="0"/><line nr="36" mi="1" ci="0" mb="0" cb="0"/><line nr="37" mi="2" ci="0" mb="0" cb="0"/><line nr="38" mi="4" ci="0" mb="0" cb="0"/><line nr="44" mi="1" ci="0" mb="0" cb="0"/><line nr="45" mi="2" ci="0" mb="0" cb="0"/><line nr="46" mi="3" ci="0" mb="0" cb="0"/><line nr="57" mi="4" ci="0" mb="0" cb="0"/><line nr="58" mi="13" ci="0" mb="2" cb="0"/><line nr="59" mi="7" ci="0" mb="0" cb="0"/><line nr="62" mi="1" ci="0" mb="0" cb="0"/><line nr="63" mi="2" ci="0" mb="0" cb="0"/><line nr="64" mi="7" ci="0" mb="0" cb="0"/><line nr="70" mi="1" ci="0" mb="0" cb="0"/><line nr="71" mi="2" ci="0" mb="0" cb="0"/><line nr="72" mi="5" ci="0" mb="0" cb="0"/><counter type="INSTRUCTION" missed="65" covered="0"/><counter type="BRANCH" missed="2" covered="0"/><counter type="LINE" missed="19" covered="0"/><counter type="COMPLEXITY" missed="7" covered="0"/><counter type="METHOD" missed="6" covered="0"/><counter type="CLASS" missed="1" covered="0"/></sourcefile><sourcefile name="ResourceNotFoundException.java"><line nr="14" mi="0" ci="3" mb="0" cb="0"/><line nr="15" mi="0" ci="1" mb="0" cb="0"/><line nr="18" mi="6" ci="0" mb="0" cb="0"/><line nr="19" mi="1" ci="0" mb="0" cb="0"/><counter type="INSTRUCTION" missed="7" covered="4"/><counter type="LINE" missed="2" covered="2"/><counter type="COMPLEXITY" missed="1" covered="1"/><counter type="METHOD" missed="1" covered="1"/><counter type="CLASS" missed="0" covered="1"/></sourcefile><sourcefile name="EmailAlreadyUsedException.java"><line nr="14" mi="0" ci="4" mb="0" cb="0"/><line nr="15" mi="0" ci="1" mb="0" cb="0"/><counter type="INSTRUCTION" missed="0" covered="5"/><counter type="LINE" missed="0" covered="2"/><counter type="COMPLEXITY" missed="0" covered="1"/><counter type="METHOD" missed="0" covered="1"/><counter type="CLASS" missed="0" covered="1"/></sourcefile><counter type="INSTRUCTION" missed="72" covered="9"/><counter type="BRANCH" missed="2" covered="0"/><counter type="LINE" missed="21" covered="4"/><counter type="COMPLEXITY" missed="8" covered="2"/><counter type="METHOD" missed="7" covered="2"/><counter type="CLASS" missed="1" covered="2"/></package><package name="ma/ensias/mentorpath/user/dto"><class name="ma/ensias/mentorpath/user/dto/UpdateProfileRequest" sourcefilename="UpdateProfileRequest.java"/><class name="ma/ensias/mentorpath/user/dto/UserDTO" sourcefilename="UserDTO.java"/><sourcefile name="UpdateProfileRequest.java"/><sourcefile name="UserDTO.java"/></package><package name="ma/ensias/mentorpath/user/controller"><class name="ma/ensias/mentorpath/user/controller/UserController" sourcefilename="UserController.java"><method name="getMyProfile" desc="(Lorg/springframework/security/core/Authentication;)Lorg/springframework/http/ResponseEntity;" line="41"><counter type="INSTRUCTION" missed="11" covered="0"/><counter type="LINE" missed="2" covered="0"/><counter type="COMPLEXITY" missed="1" covered="0"/><counter type="METHOD" missed="1" covered="0"/></method><method name="updateMyProfile" desc="(Lma/ensias/mentorpath/user/dto/UpdateProfileRequest;Lorg/springframework/security/core/Authentication;)Lorg/springframework/http/ResponseEntity;" line="56"><counter type="INSTRUCTION" missed="12" covered="0"/><counter type="LINE" missed="2" covered="0"/><counter type="COMPLEXITY" missed="1" covered="0"/><counter type="METHOD" missed="1" covered="0"/></method><counter type="INSTRUCTION" missed="23" covered="0"/><counter type="LINE" missed="4" covered="0"/><counter type="COMPLEXITY" missed="2" covered="0"/><counter type="METHOD" missed="2" covered="0"/><counter type="CLASS" missed="1" covered="0"/></class><sourcefile name="UserController.java"><line nr="41" mi="6" ci="0" mb="0" cb="0"/><line nr="42" mi="5" ci="0" mb="0" cb="0"/><line nr="56" mi="7" ci="0" mb="0" cb="0"/><line nr="57" mi="5" ci="0" mb="0" cb="0"/><counter type="INSTRUCTION" missed="23" covered="0"/><counter type="LINE" missed="4" covered="0"/><counter type="COMPLEXITY" missed="2" covered="0"/><counter type="METHOD" missed="2" covered="0"/><counter type="CLASS" missed="1" covered="0"/></sourcefile><counter type="INSTRUCTION" missed="23" covered="0"/><counter type="LINE" missed="4" covered="0"/><counter type="COMPLEXITY" missed="2" covered="0"/><counter type="METHOD" missed="2" covered="0"/><counter type="CLASS" missed="1" covered="0"/></package><package name="ma/ensias/mentorpath/security"><class name="ma/ensias/mentorpath/security/JwtFilter" sourcefilename="JwtFilter.java"><method name="doFilterInternal" desc="(Ljakarta/servlet/http/HttpServletRequest;Ljakarta/servlet/http/HttpServletResponse;Ljakarta/servlet/FilterChain;)V" line="39"><counter type="INSTRUCTION" missed="60" covered="0"/><counter type="BRANCH" missed="8" covered="0"/><counter type="LINE" missed="18" covered="0"/><counter type="COMPLEXITY" missed="5" covered="0"/><counter type="METHOD" missed="1" covered="0"/></method><counter type="INSTRUCTION" missed="60" covered="0"/><counter type="BRANCH" missed="8" covered="0"/><counter type="LINE" missed="18" covered="0"/><counter type="COMPLEXITY" missed="5" covered="0"/><counter type="METHOD" missed="1" covered="0"/><counter type="CLASS" missed="1" covered="0"/></class><class name="ma/ensias/mentorpath/security/JwtUtil" sourcefilename="JwtUtil.java"><method name="&lt;init&gt;" desc="()V" line="16"><counter type="INSTRUCTION" missed="3" covered="0"/><counter type="LINE" missed="1" covered="0"/><counter type="COMPLEXITY" missed="1" covered="0"/><counter type="METHOD" missed="1" covered="0"/></method><method name="generateToken" desc="(Ljava/lang/String;Ljava/lang/String;)Ljava/lang/String;" line="34"><counter type="INSTRUCTION" missed="24" covered="0"/><counter type="LINE" missed="7" covered="0"/><counter type="COMPLEXITY" missed="1" covered="0"/><counter type="METHOD" missed="1" covered="0"/></method><method name="extractEmail" desc="(Ljava/lang/String;)Ljava/lang/String;" line="47"><counter type="INSTRUCTION" missed="5" covered="0"/><counter type="LINE" missed="1" covered="0"/><counter type="COMPLEXITY" missed="1" covered="0"/><counter type="METHOD" missed="1" covered="0"/></method><method name="extractRole" desc="(Ljava/lang/String;)Ljava/lang/String;" line="52"><counter type="INSTRUCTION" missed="8" covered="0"/><counter type="LINE" missed="1" covered="0"/><counter type="COMPLEXITY" missed="1" covered="0"/><counter type="METHOD" missed="1" covered="0"/></method><method name="isTokenValid" desc="(Ljava/lang/String;)Z" line="65"><counter type="INSTRUCTION" missed="9" covered="0"/><counter type="LINE" missed="4" covered="0"/><counter type="COMPLEXITY" missed="1" covered="0"/><counter type="METHOD" missed="1" covered="0"/></method><method name="getClaims" desc="(Ljava/lang/String;)Lio/jsonwebtoken/Claims;" line="75"><counter type="INSTRUCTION" missed="10" covered="0"/><counter type="LINE" missed="5" covered="0"/><counter type="COMPLEXITY" missed="1" covered="0"/><counter type="METHOD" missed="1" covered="0"/></method><method name="getKey" desc="()Ljava/security/Key;" line="83"><counter type="INSTRUCTION" missed="5" covered="0"/><counter type="LINE" missed="1" covered="0"/><counter type="COMPLEXITY" missed="1" covered="0"/><counter type="METHOD" missed="1" covered="0"/></method><counter type="INSTRUCTION" missed="64" covered="0"/><counter type="LINE" missed="20" covered="0"/><counter type="COMPLEXITY" missed="7" covered="0"/><counter type="METHOD" missed="7" covered="0"/><counter type="CLASS" missed="1" covered="0"/></class><class name="ma/ensias/mentorpath/security/UserDetailsServiceImpl" sourcefilename="UserDetailsServiceImpl.java"><method name="loadUserByUsername" desc="(Ljava/lang/String;)Lorg/springframework/security/core/userdetails/UserDetails;" line="32"><counter type="INSTRUCTION" missed="33" covered="0"/><counter type="LINE" missed="10" covered="0"/><counter type="COMPLEXITY" missed="1" covered="0"/><counter type="METHOD" missed="1" covered="0"/></method><method name="lambda$0" desc="(Ljava/lang/String;)Lorg/springframework/security/core/userdetails/UsernameNotFoundException;" line="33"><counter type="INSTRUCTION" missed="6" covered="0"/><counter type="LINE" missed="2" covered="0"/><counter type="COMPLEXITY" missed="1" covered="0"/><counter type="METHOD" missed="1" covered="0"/></method><counter type="INSTRUCTION" missed="39" covered="0"/><counter type="LINE" missed="11" covered="0"/><counter type="COMPLEXITY" missed="2" covered="0"/><counter type="METHOD" missed="2" covered="0"/><counter type="CLASS" missed="1" covered="0"/></class><sourcefile name="JwtUtil.java"><line nr="16" mi="3" ci="0" mb="0" cb="0"/><line nr="34" mi="2" ci="0" mb="0" cb="0"/><line nr="35" mi="2" ci="0" mb="0" cb="0"/><line nr="36" mi="3" ci="0" mb="0" cb="0"/><line nr="37" mi="4" ci="0" mb="0" cb="0"/><line nr="38" mi="8" ci="0" mb="0" cb="0"/><line nr="39" mi="4" ci="0" mb="0" cb="0"/><line nr="40" mi="1" ci="0" mb="0" cb="0"/><line nr="47" mi="5" ci="0" mb="0" cb="0"/><line nr="52" mi="8" ci="0" mb="0" cb="0"/><line nr="65" mi="4" ci="0" mb="0" cb="0"/><line nr="66" mi="2" ci="0" mb="0" cb="0"/><line nr="67" mi="1" ci="0" mb="0" cb="0"/><line nr="68" mi="2" ci="0" mb="0" cb="0"/><line nr="75" mi="2" ci="0" mb="0" cb="0"/><line nr="76" mi="3" ci="0" mb="0" cb="0"/><line nr="77" mi="1" ci="0" mb="0" cb="0"/><line nr="78" mi="2" ci="0" mb="0" cb="0"/><line nr="79" mi="2" ci="0" mb="0" cb="0"/><line nr="83" mi="5" ci="0" mb="0" cb="0"/><counter type="INSTRUCTION" missed="64" covered="0"/><counter type="LINE" missed="20" covered="0"/><counter type="COMPLEXITY" missed="7" covered="0"/><counter type="METHOD" missed="7" covered="0"/><counter type="CLASS" missed="1" covered="0"/></sourcefile><sourcefile name="JwtFilter.java"><line nr="39" mi="4" ci="0" mb="0" cb="0"/><line nr="42" mi="6" ci="0" mb="4" cb="0"/><line nr="43" mi="4" ci="0" mb="0" cb="0"/><line nr="44" mi="1" ci="0" mb="0" cb="0"/><line nr="47" mi="4" ci="0" mb="0" cb="0"/><line nr="49" mi="5" ci="0" mb="2" cb="0"/><line nr="50" mi="3" ci="0" mb="2" cb="0"/><line nr="52" mi="5" ci="0" mb="0" cb="0"/><line nr="53" mi="5" ci="0" mb="0" cb="0"/><line nr="55" mi="1" ci="0" mb="0" cb="0"/><line nr="56" mi="3" ci="0" mb="0" cb="0"/><line nr="57" mi="1" ci="0" mb="0" cb="0"/><line nr="58" mi="1" ci="0" mb="0" cb="0"/><line nr="59" mi="2" ci="0" mb="0" cb="0"/><line nr="62" mi="7" ci="0" mb="0" cb="0"/><line nr="63" mi="3" ci="0" mb="0" cb="0"/><line nr="66" mi="4" ci="0" mb="0" cb="0"/><line nr="67" mi="1" ci="0" mb="0" cb="0"/><counter type="INSTRUCTION" missed="60" covered="0"/><counter type="BRANCH" missed="8" covered="0"/><counter type="LINE" missed="18" covered="0"/><counter type="COMPLEXITY" missed="5" covered="0"/><counter type="METHOD" missed="1" covered="0"/><counter type="CLASS" missed="1" covered="0"/></sourcefile><sourcefile name="UserDetailsServiceImpl.java"><line nr="32" mi="5" ci="0" mb="0" cb="0"/><line nr="33" mi="7" ci="0" mb="0" cb="0"/><line nr="34" mi="3" ci="0" mb="0" cb="0"/><line nr="37" mi="1" ci="0" mb="0" cb="0"/><line nr="38" mi="7" ci="0" mb="0" cb="0"/><line nr="40" mi="4" ci="0" mb="0" cb="0"/><line nr="41" mi="2" ci="0" mb="0" cb="0"/><line nr="42" mi="2" ci="0" mb="0" cb="0"/><line nr="43" mi="3" ci="0" mb="0" cb="0"/><line nr="44" mi="3" ci="0" mb="0" cb="0"/><line nr="45" mi="2" ci="0" mb="0" cb="0"/><counter type="INSTRUCTION" missed="39" covered="0"/><counter type="LINE" missed="11" covered="0"/><counter type="COMPLEXITY" missed="2" covered="0"/><counter type="METHOD" missed="2" covered="0"/><counter type="CLASS" missed="1" covered="0"/></sourcefile><counter type="INSTRUCTION" missed="163" covered="0"/><counter type="BRANCH" missed="8" covered="0"/><counter type="LINE" missed="49" covered="0"/><counter type="COMPLEXITY" missed="14" covered="0"/><counter type="METHOD" missed="10" covered="0"/><counter type="CLASS" missed="3" covered="0"/></package><package name="ma/ensias/mentorpath/user/service"><class name="ma/ensias/mentorpath/user/service/UserService" sourcefilename="UserService.java"/><sourcefile name="UserService.java"/></package><package name="ma/ensias/mentorpath/user/service/impl"><class name="ma/ensias/mentorpath/user/service/impl/UserServiceImpl" sourcefilename="UserServiceImpl.java"><method name="getProfile" desc="(Ljava/lang/String;)Lma/ensias/mentorpath/user/dto/UserDTO;" line="29"><counter type="INSTRUCTION" missed="4" covered="41"/><counter type="BRANCH" missed="1" covered="2"/><counter type="LINE" missed="1" covered="8"/><counter type="COMPLEXITY" missed="1" covered="2"/><counter type="METHOD" missed="0" covered="1"/></method><method name="updateProfile" desc="(Ljava/lang/String;Lma/ensias/mentorpath/user/dto/UpdateProfileRequest;)Lma/ensias/mentorpath/user/dto/UserDTO;" line="51"><counter type="INSTRUCTION" missed="48" covered="105"/><counter type="BRANCH" missed="15" covered="16"/><counter type="LINE" missed="1" covered="24"/><counter type="COMPLEXITY" missed="15" covered="2"/><counter type="METHOD" missed="0" covered="1"/></method><method name="findUserByEmail" desc="(Ljava/lang/String;)Lma/ensias/mentorpath/user/entity/User;" line="87"><counter type="INSTRUCTION" missed="0" covered="9"/><counter type="LINE" missed="0" covered="2"/><counter type="COMPLEXITY" missed="0" covered="1"/><counter type="METHOD" missed="0" covered="1"/></method><method name="buildStudentDTO" desc="(Lma/ensias/mentorpath/user/entity/User;Lma/ensias/mentorpath/user/entity/StudentProfile;)Lma/ensias/mentorpath/user/dto/UserDTO;" line="92"><counter type="INSTRUCTION" missed="0" covered="39"/><counter type="LINE" missed="0" covered="10"/><counter type="COMPLEXITY" missed="0" covered="1"/><counter type="METHOD" missed="0" covered="1"/></method><method name="buildMentorDTO" desc="(Lma/ensias/mentorpath/user/entity/User;Lma/ensias/mentorpath/user/entity/MentorProfile;)Lma/ensias/mentorpath/user/dto/UserDTO;" line="105"><counter type="INSTRUCTION" missed="0" covered="39"/><counter type="LINE" missed="0" covered="10"/><counter type="COMPLEXITY" missed="0" covered="1"/><counter type="METHOD" missed="0" covered="1"/></method><method name="buildAdminDTO" desc="(Lma/ensias/mentorpath/user/entity/User;)Lma/ensias/mentorpath/user/dto/UserDTO;" line="118"><counter type="INSTRUCTION" missed="19" covered="0"/><counter type="LINE" missed="5" covered="0"/><counter type="COMPLEXITY" missed="1" covered="0"/><counter type="METHOD" missed="1" covered="0"/></method><method name="lambda$0" desc="(Lma/ensias/mentorpath/user/entity/User;)Lma/ensias/mentorpath/exception/ResourceNotFoundException;" line="34"><counter type="INSTRUCTION" missed="7" covered="0"/><counter type="LINE" missed="1" covered="0"/><counter type="COMPLEXITY" missed="1" covered="0"/><counter type="METHOD" missed="1" covered="0"/></method><method name="lambda$1" desc="(Lma/ensias/mentorpath/user/entity/User;)Lma/ensias/mentorpath/exception/ResourceNotFoundException;" line="39"><counter type="INSTRUCTION" missed="7" covered="0"/><counter type="LINE" missed="1" covered="0"/><counter type="COMPLEXITY" missed="1" covered="0"/><counter type="METHOD" missed="1" covered="0"/></method><method name="lambda$2" desc="(Lma/ensias/mentorpath/user/entity/User;)Lma/ensias/mentorpath/exception/ResourceNotFoundException;" line="56"><counter type="INSTRUCTION" missed="7" covered="0"/><counter type="LINE" missed="1" covered="0"/><counter type="COMPLEXITY" missed="1" covered="0"/><counter type="METHOD" missed="1" covered="0"/></method><method name="lambda$3" desc="(Lma/ensias/mentorpath/user/entity/User;)Lma/ensias/mentorpath/exception/ResourceNotFoundException;" line="68"><counter type="INSTRUCTION" missed="7" covered="0"/><counter type="LINE" missed="1" covered="0"/><counter type="COMPLEXITY" missed="1" covered="0"/><counter type="METHOD" missed="1" covered="0"/></method><method name="lambda$4" desc="(Ljava/lang/String;)Lma/ensias/mentorpath/exception/ResourceNotFoundException;" line="88"><counter type="INSTRUCTION" missed="0" covered="6"/><counter type="LINE" missed="0" covered="1"/><counter type="COMPLEXITY" missed="0" covered="1"/><counter type="METHOD" missed="0" covered="1"/></method><counter type="INSTRUCTION" missed="99" covered="239"/><counter type="BRANCH" missed="16" covered="18"/><counter type="LINE" missed="7" covered="54"/><counter type="COMPLEXITY" missed="21" covered="8"/><counter type="METHOD" missed="5" covered="6"/><counter type="CLASS" missed="0" covered="1"/></class><sourcefile name="UserServiceImpl.java"><line nr="29" mi="0" ci="4" mb="0" cb="0"/><line nr="31" mi="0" ci="7" mb="1" cb="2"/><line nr="33" mi="0" ci="6" mb="0" cb="0"/><line nr="34" mi="7" ci="4" mb="0" cb="0"/><line nr="35" mi="0" ci="5" mb="0" cb="0"/><line nr="38" mi="0" ci="6" mb="0" cb="0"/><line nr="39" mi="7" ci="4" mb="0" cb="0"/><line nr="40" mi="0" ci="5" mb="0" cb="0"/><line nr="42" mi="4" ci="0" mb="0" cb="0"/><line nr="51" mi="0" ci="4" mb="0" cb="0"/><line nr="53" mi="0" ci="7" mb="1" cb="2"/><line nr="55" mi="0" ci="6" mb="0" cb="0"/><line nr="56" mi="7" ci="4" mb="0" cb="0"/><line nr="57" mi="4" ci="3" mb="1" cb="1"/><line nr="58" mi="4" ci="3" mb="1" cb="1"/><line nr="59" mi="4" ci="3" mb="1" cb="1"/><line nr="60" mi="0" ci="7" mb="1" cb="1"/><line nr="61" mi="4" ci="3" mb="1" cb="1"/><line nr="62" mi="4" ci="3" mb="1" cb="1"/><line nr="63" mi="0" ci="5" mb="0" cb="0"/><line nr="64" mi="0" ci="5" mb="0" cb="0"/><line nr="67" mi="0" ci="6" mb="0" cb="0"/><line nr="68" mi="7" ci="4" mb="0" cb="0"/><line nr="69" mi="4" ci="3" mb="1" cb="1"/><line nr="70" mi="4" ci="3" mb="1" cb="1"/><line nr="71" mi="4" ci="3" mb="1" cb="1"/><line nr="72" mi="0" ci="7" mb="1" cb="1"/><line nr="73" mi="4" ci="3" mb="1" cb="1"/><line nr="74" mi="4" ci="3" mb="1" cb="1"/><line nr="75" mi="4" ci="3" mb="1" cb="1"/><line nr="76" mi="0" ci="7" mb="1" cb="1"/><line nr="77" mi="0" ci="5" mb="0" cb="0"/><line nr="78" mi="0" ci="5" mb="0" cb="0"/><line nr="80" mi="4" ci="0" mb="0" cb="0"/><line nr="87" mi="0" ci="5" mb="0" cb="0"/><line nr="88" mi="0" ci="10" mb="0" cb="0"/><line nr="92" mi="0" ci="4" mb="0" cb="0"/><line nr="93" mi="0" ci="4" mb="0" cb="0"/><line nr="94" mi="0" ci="4" mb="0" cb="0"/><line nr="95" mi="0" ci="5" mb="0" cb="0"/><line nr="96" mi="0" ci="4" mb="0" cb="0"/><line nr="97" mi="0" ci="4" mb="0" cb="0"/><line nr="98" mi="0" ci="4" mb="0" cb="0"/><line nr="99" mi="0" ci="4" mb="0" cb="0"/><line nr="100" mi="0" ci="4" mb="0" cb="0"/><line nr="101" mi="0" ci="2" mb="0" cb="0"/><line nr="105" mi="0" ci="4" mb="0" cb="0"/><line nr="106" mi="0" ci="4" mb="0" cb="0"/><line nr="107" mi="0" ci="4" mb="0" cb="0"/><line nr="108" mi="0" ci="5" mb="0" cb="0"/><line nr="109" mi="0" ci="4" mb="0" cb="0"/><line nr="110" mi="0" ci="4" mb="0" cb="0"/><line nr="111" mi="0" ci="4" mb="0" cb="0"/><line nr="112" mi="0" ci="4" mb="0" cb="0"/><line nr="113" mi="0" ci="4" mb="0" cb="0"/><line nr="114" mi="0" ci="2" mb="0" cb="0"/><line nr="118" mi="4" ci="0" mb="0" cb="0"/><line nr="119" mi="4" ci="0" mb="0" cb="0"/><line nr="120" mi="4" ci="0" mb="0" cb="0"/><line nr="121" mi="5" ci="0" mb="0" cb="0"/><line nr="122" mi="2" ci="0" mb="0" cb="0"/><counter type="INSTRUCTION" missed="99" covered="239"/><counter type="BRANCH" missed="16" covered="18"/><counter type="LINE" missed="7" covered="54"/><counter type="COMPLEXITY" missed="21" covered="8"/><counter type="METHOD" missed="5" covered="6"/><counter type="CLASS" missed="0" covered="1"/></sourcefile><counter type="INSTRUCTION" missed="99" covered="239"/><counter type="BRANCH" missed="16" covered="18"/><counter type="LINE" missed="7" covered="54"/><counter type="COMPLEXITY" missed="21" covered="8"/><counter type="METHOD" missed="5" covered="6"/><counter type="CLASS" missed="0" covered="1"/></package><package name="ma/ensias/mentorpath"><class name="ma/ensias/mentorpath/MentorPathApplication" sourcefilename="MentorPathApplication.java"><method name="&lt;init&gt;" desc="()V" line="10"><counter type="INSTRUCTION" missed="3" covered="0"/><counter type="LINE" missed="1" covered="0"/><counter type="COMPLEXITY" missed="1" covered="0"/><counter type="METHOD" missed="1" covered="0"/></method><method name="main" desc="([Ljava/lang/String;)V" line="13"><counter type="INSTRUCTION" missed="5" covered="0"/><counter type="LINE" missed="2" covered="0"/><counter type="COMPLEXITY" missed="1" covered="0"/><counter type="METHOD" missed="1" covered="0"/></method><counter type="INSTRUCTION" missed="8" covered="0"/><counter type="LINE" missed="3" covered="0"/><counter type="COMPLEXITY" missed="2" covered="0"/><counter type="METHOD" missed="2" covered="0"/><counter type="CLASS" missed="1" covered="0"/></class><sourcefile name="MentorPathApplication.java"><line nr="10" mi="3" ci="0" mb="0" cb="0"/><line nr="13" mi="4" ci="0" mb="0" cb="0"/><line nr="14" mi="1" ci="0" mb="0" cb="0"/><counter type="INSTRUCTION" missed="8" covered="0"/><counter type="LINE" missed="3" covered="0"/><counter type="COMPLEXITY" missed="2" covered="0"/><counter type="METHOD" missed="2" covered="0"/><counter type="CLASS" missed="1" covered="0"/></sourcefile><counter type="INSTRUCTION" missed="8" covered="0"/><counter type="LINE" missed="3" covered="0"/><counter type="COMPLEXITY" missed="2" covered="0"/><counter type="METHOD" missed="2" covered="0"/><counter type="CLASS" missed="1" covered="0"/></package><package name="ma/ensias/mentorpath/auth/service"><class name="ma/ensias/mentorpath/auth/service/AuthService" sourcefilename="AuthService.java"/><sourcefile name="AuthService.java"/></package><package name="ma/ensias/mentorpath/user/repository"><class name="ma/ensias/mentorpath/user/repository/StudentProfileRepository" sourcefilename="StudentProfileRepository.java"/><class name="ma/ensias/mentorpath/user/repository/UserRepository" sourcefilename="UserRepository.java"/><class name="ma/ensias/mentorpath/user/repository/MentorProfileRepository" sourcefilename="MentorProfileRepository.java"/><sourcefile name="UserRepository.java"/><sourcefile name="StudentProfileRepository.java"/><sourcefile name="MentorProfileRepository.java"/></package><package name="ma/ensias/mentorpath/auth/dto"><class name="ma/ensias/mentorpath/auth/dto/RegisterRequest" sourcefilename="RegisterRequest.java"/><class name="ma/ensias/mentorpath/auth/dto/JwtResponse" sourcefilename="JwtResponse.java"/><class name="ma/ensias/mentorpath/auth/dto/LoginRequest" sourcefilename="LoginRequest.java"/><sourcefile name="RegisterRequest.java"/><sourcefile name="LoginRequest.java"/><sourcefile name="JwtResponse.java"/></package><package name="ma/ensias/mentorpath/user/entity"><class name="ma/ensias/mentorpath/user/entity/User" sourcefilename="User.java"/><class name="ma/ensias/mentorpath/user/entity/Role" sourcefilename="Role.java"><method name="&lt;clinit&gt;" desc="()V" line="7"><counter type="INSTRUCTION" missed="0" covered="34"/><counter type="LINE" missed="0" covered="4"/><counter type="COMPLEXITY" missed="0" covered="1"/><counter type="METHOD" missed="0" covered="1"/></method><counter type="INSTRUCTION" missed="0" covered="34"/><counter type="LINE" missed="0" covered="4"/><counter type="COMPLEXITY" missed="0" covered="1"/><counter type="METHOD" missed="0" covered="1"/><counter type="CLASS" missed="0" covered="1"/></class><class name="ma/ensias/mentorpath/user/entity/StudentProfile$StudentProfileBuilder" sourcefilename="StudentProfile.java"/><class name="ma/ensias/mentorpath/user/entity/StudentProfile" sourcefilename="StudentProfile.java"/><class name="ma/ensias/mentorpath/user/entity/MentorProfile$MentorProfileBuilder" sourcefilename="MentorProfile.java"/><class name="ma/ensias/mentorpath/user/entity/User$UserBuilder" sourcefilename="User.java"/><class name="ma/ensias/mentorpath/user/entity/MentorProfile" sourcefilename="MentorProfile.java"/><sourcefile name="StudentProfile.java"/><sourcefile name="User.java"/><sourcefile name="MentorProfile.java"/><sourcefile name="Role.java"><line nr="7" mi="0" ci="16" mb="0" cb="0"/><line nr="8" mi="0" ci="6" mb="0" cb="0"/><line nr="9" mi="0" ci="6" mb="0" cb="0"/><line nr="10" mi="0" ci="6" mb="0" cb="0"/><counter type="INSTRUCTION" missed="0" covered="34"/><counter type="LINE" missed="0" covered="4"/><counter type="COMPLEXITY" missed="0" covered="1"/><counter type="METHOD" missed="0" covered="1"/><counter type="CLASS" missed="0" covered="1"/></sourcefile><counter type="INSTRUCTION" missed="0" covered="34"/><counter type="LINE" missed="0" covered="4"/><counter type="COMPLEXITY" missed="0" covered="1"/><counter type="METHOD" missed="0" covered="1"/><counter type="CLASS" missed="0" covered="1"/></package><package name="ma/ensias/mentorpath/config"><class name="ma/ensias/mentorpath/config/SecurityConfig" sourcefilename="SecurityConfig.java"><method name="&lt;clinit&gt;" desc="()V" line="36"><counter type="INSTRUCTION" missed="24" covered="0"/><counter type="LINE" missed="7" covered="0"/><counter type="COMPLEXITY" missed="1" covered="0"/><counter type="METHOD" missed="1" covered="0"/></method><method name="filterChain" desc="(Lorg/springframework/security/config/annotation/web/builders/HttpSecurity;)Lorg/springframework/security/web/SecurityFilterChain;" line="46"><counter type="INSTRUCTION" missed="16" covered="0"/><counter type="LINE" missed="6" covered="0"/><counter type="COMPLEXITY" missed="1" covered="0"/><counter type="METHOD" missed="1" covered="0"/></method><method name="passwordEncoder" desc="()Lorg/springframework/security/crypto/password/PasswordEncoder;" line="74"><counter type="INSTRUCTION" missed="4" covered="0"/><counter type="LINE" missed="1" covered="0"/><counter type="COMPLEXITY" missed="1" covered="0"/><counter type="METHOD" missed="1" covered="0"/></method><method name="authenticationManager" desc="(Lorg/springframework/security/config/annotation/authentication/configuration/AuthenticationConfiguration;)Lorg/springframework/security/authentication/AuthenticationManager;" line="84"><counter type="INSTRUCTION" missed="3" covered="0"/><counter type="LINE" missed="1" covered="0"/><counter type="COMPLEXITY" missed="1" covered="0"/><counter type="METHOD" missed="1" covered="0"/></method><method name="lambda$1" desc="(Lorg/springframework/security/config/annotation/web/configurers/SessionManagementConfigurer;)V" line="52"><counter type="INSTRUCTION" missed="4" covered="0"/><counter type="LINE" missed="1" covered="0"/><counter type="COMPLEXITY" missed="1" covered="0"/><counter type="METHOD" missed="1" covered="0"/></method><method name="lambda$2" desc="(Lorg/springframework/security/config/annotation/web/configurers/AuthorizeHttpRequestsConfigurer$AuthorizationManagerRequestMatcherRegistry;)V" line="55"><counter type="INSTRUCTION" missed="19" covered="0"/><counter type="LINE" missed="4" covered="0"/><counter type="COMPLEXITY" missed="1" covered="0"/><counter type="METHOD" missed="1" covered="0"/></method><counter type="INSTRUCTION" missed="70" covered="0"/><counter type="LINE" missed="19" covered="0"/><counter type="COMPLEXITY" missed="6" covered="0"/><counter type="METHOD" missed="6" covered="0"/><counter type="CLASS" missed="1" covered="0"/></class><class name="ma/ensias/mentorpath/config/SwaggerConfig" sourcefilename="SwaggerConfig.java"><method name="&lt;init&gt;" desc="()V" line="20"><counter type="INSTRUCTION" missed="3" covered="0"/><counter type="LINE" missed="1" covered="0"/><counter type="COMPLEXITY" missed="1" covered="0"/><counter type="METHOD" missed="1" covered="0"/></method><method name="openAPI" desc="()Lio/swagger/v3/oas/models/OpenAPI;" line="26"><counter type="INSTRUCTION" missed="45" covered="0"/><counter type="LINE" missed="16" covered="0"/><counter type="COMPLEXITY" missed="1" covered="0"/><counter type="METHOD" missed="1" covered="0"/></method><counter type="INSTRUCTION" missed="48" covered="0"/><counter type="LINE" missed="17" covered="0"/><counter type="COMPLEXITY" missed="2" covered="0"/><counter type="METHOD" missed="2" covered="0"/><counter type="CLASS" missed="1" covered="0"/></class><sourcefile name="SwaggerConfig.java"><line nr="20" mi="3" ci="0" mb="0" cb="0"/><line nr="26" mi="4" ci="0" mb="0" cb="0"/><line nr="27" mi="4" ci="0" mb="0" cb="0"/><line nr="28" mi="2" ci="0" mb="0" cb="0"/><line nr="29" mi="2" ci="0" mb="0" cb="0"/><line nr="30" mi="2" ci="0" mb="0" cb="0"/><line nr="31" mi="4" ci="0" mb="0" cb="0"/><line nr="32" mi="2" ci="0" mb="0" cb="0"/><line nr="33" mi="2" ci="0" mb="0" cb="0"/><line nr="35" mi="6" ci="0" mb="0" cb="0"/><line nr="36" mi="4" ci="0" mb="0" cb="0"/><line nr="37" mi="2" ci="0" mb="0" cb="0"/><line nr="38" mi="3" ci="0" mb="0" cb="0"/><line nr="39" mi="2" ci="0" mb="0" cb="0"/><line nr="40" mi="2" ci="0" mb="0" cb="0"/><line nr="41" mi="2" ci="0" mb="0" cb="0"/><line nr="42" mi="2" ci="0" mb="0" cb="0"/><counter type="INSTRUCTION" missed="48" covered="0"/><counter type="LINE" missed="17" covered="0"/><counter type="COMPLEXITY" missed="2" covered="0"/><counter type="METHOD" missed="2" covered="0"/><counter type="CLASS" missed="1" covered="0"/></sourcefile><sourcefile name="SecurityConfig.java"><line nr="36" mi="5" ci="0" mb="0" cb="0"/><line nr="37" mi="4" ci="0" mb="0" cb="0"/><line nr="38" mi="4" ci="0" mb="0" cb="0"/><line nr="39" mi="4" ci="0" mb="0" cb="0"/><line nr="40" mi="4" ci="0" mb="0" cb="0"/><line nr="41" mi="2" ci="0" mb="0" cb="0"/><line nr="42" mi="1" ci="0" mb="0" cb="0"/><line nr="46" mi="1" ci="0" mb="0" cb="0"/><line nr="48" mi="2" ci="0" mb="0" cb="0"/><line nr="51" mi="2" ci="0" mb="0" cb="0"/><line nr="52" mi="4" ci="0" mb="0" cb="0"/><line nr="55" mi="3" ci="0" mb="0" cb="0"/><line nr="56" mi="8" ci="0" mb="0" cb="0"/><line nr="57" mi="6" ci="0" mb="0" cb="0"/><line nr="58" mi="4" ci="0" mb="0" cb="0"/><line nr="62" mi="5" ci="0" mb="0" cb="0"/><line nr="64" mi="4" ci="0" mb="0" cb="0"/><line nr="74" mi="4" ci="0" mb="0" cb="0"/><line nr="84" mi="3" ci="0" mb="0" cb="0"/><counter type="INSTRUCTION" missed="70" covered="0"/><counter type="LINE" missed="19" covered="0"/><counter type="COMPLEXITY" missed="6" covered="0"/><counter type="METHOD" missed="6" covered="0"/><counter type="CLASS" missed="1" covered="0"/></sourcefile><counter type="INSTRUCTION" missed="118" covered="0"/><counter type="LINE" missed="36" covered="0"/><counter type="COMPLEXITY" missed="8" covered="0"/><counter type="METHOD" missed="8" covered="0"/><counter type="CLASS" missed="2" covered="0"/></package><package name="ma/ensias/mentorpath/user/mapper"><class name="ma/ensias/mentorpath/user/mapper/UserMapperImpl" sourcefilename="UserMapperImpl.java"><method name="&lt;init&gt;" desc="()V" line="16"><counter type="INSTRUCTION" missed="3" covered="0"/><counter type="LINE" missed="1" covered="0"/><counter type="COMPLEXITY" missed="1" covered="0"/><counter type="METHOD" missed="1" covered="0"/></method><method name="studentProfileToDTO" desc="(Lma/ensias/mentorpath/user/entity/StudentProfile;)Lma/ensias/mentorpath/user/dto/UserDTO;" line="20"><counter type="INSTRUCTION" missed="46" covered="0"/><counter type="BRANCH" missed="2" covered="0"/><counter type="LINE" missed="12" covered="0"/><counter type="COMPLEXITY" missed="2" covered="0"/><counter type="METHOD" missed="1" covered="0"/></method><method name="mentorProfileToDTO" desc="(Lma/ensias/mentorpath/user/entity/MentorProfile;)Lma/ensias/mentorpath/user/dto/UserDTO;" line="41"><counter type="INSTRUCTION" missed="46" covered="0"/><counter type="BRANCH" missed="2" covered="0"/><counter type="LINE" missed="12" covered="0"/><counter type="COMPLEXITY" missed="2" covered="0"/><counter type="METHOD" missed="1" covered="0"/></method><method name="studentProfileUserId" desc="(Lma/ensias/mentorpath/user/entity/StudentProfile;)Ljava/lang/Long;" line="61"><counter type="INSTRUCTION" missed="20" covered="0"/><counter type="BRANCH" missed="6" covered="0"/><counter type="LINE" missed="9" covered="0"/><counter type="COMPLEXITY" missed="4" covered="0"/><counter type="METHOD" missed="1" covered="0"/></method><method name="studentProfileUserEmail" desc="(Lma/ensias/mentorpath/user/entity/StudentProfile;)Ljava/lang/String;" line="76"><counter type="INSTRUCTION" missed="20" covered="0"/><counter type="BRANCH" missed="6" covered="0"/><counter type="LINE" missed="9" covered="0"/><counter type="COMPLEXITY" missed="4" covered="0"/><counter type="METHOD" missed="1" covered="0"/></method><method name="mentorProfileUserId" desc="(Lma/ensias/mentorpath/user/entity/MentorProfile;)Ljava/lang/Long;" line="91"><counter type="INSTRUCTION" missed="20" covered="0"/><counter type="BRANCH" missed="6" covered="0"/><counter type="LINE" missed="9" covered="0"/><counter type="COMPLEXITY" missed="4" covered="0"/><counter type="METHOD" missed="1" covered="0"/></method><method name="mentorProfileUserEmail" desc="(Lma/ensias/mentorpath/user/entity/MentorProfile;)Ljava/lang/String;" line="106"><counter type="INSTRUCTION" missed="20" covered="0"/><counter type="BRANCH" missed="6" covered="0"/><counter type="LINE" missed="9" covered="0"/><counter type="COMPLEXITY" missed="4" covered="0"/><counter type="METHOD" missed="1" covered="0"/></method><counter type="INSTRUCTION" missed="175" covered="0"/><counter type="BRANCH" missed="28" covered="0"/><counter type="LINE" missed="61" covered="0"/><counter type="COMPLEXITY" missed="21" covered="0"/><counter type="METHOD" missed="7" covered="0"/><counter type="CLASS" missed="1" covered="0"/></class><class name="ma/ensias/mentorpath/user/mapper/UserMapper" sourcefilename="UserMapper.java"/><sourcefile name="UserMapper.java"/><sourcefile name="UserMapperImpl.java"><line nr="16" mi="3" ci="0" mb="0" cb="0"/><line nr="20" mi="2" ci="0" mb="2" cb="0"/><line nr="21" mi="2" ci="0" mb="0" cb="0"/><line nr="24" mi="4" ci="0" mb="0" cb="0"/><line nr="26" mi="5" ci="0" mb="0" cb="0"/><line nr="27" mi="5" ci="0" mb="0" cb="0"/><line nr="28" mi="4" ci="0" mb="0" cb="0"/><line nr="29" mi="4" ci="0" mb="0" cb="0"/><line nr="30" mi="4" ci="0" mb="0" cb="0"/><line nr="31" mi="4" ci="0" mb="0" cb="0"/><line nr="32" mi="4" ci="0" mb="0" cb="0"/><line nr="34" mi="6" ci="0" mb="0" cb="0"/><line nr="36" mi="2" ci="0" mb="0" cb="0"/><line nr="41" mi="2" ci="0" mb="2" cb="0"/><line nr="42" mi="2" ci="0" mb="0" cb="0"/><line nr="45" mi="4" ci="0" mb="0" cb="0"/><line nr="47" mi="5" ci="0" mb="0" cb="0"/><line nr="48" mi="5" ci="0" mb="0" cb="0"/><line nr="49" mi="4" ci="0" mb="0" cb="0"/><line nr="50" mi="4" ci="0" mb="0" cb="0"/><line nr="51" mi="4" ci="0" mb="0" cb="0"/><line nr="52" mi="4" ci="0" mb="0" cb="0"/><line nr="53" mi="4" ci="0" mb="0" cb="0"/><line nr="55" mi="6" ci="0" mb="0" cb="0"/><line nr="57" mi="2" ci="0" mb="0" cb="0"/><line nr="61" mi="2" ci="0" mb="2" cb="0"/><line nr="62" mi="2" ci="0" mb="0" cb="0"/><line nr="64" mi="3" ci="0" mb="0" cb="0"/><line nr="65" mi="2" ci="0" mb="2" cb="0"/><line nr="66" mi="2" ci="0" mb="0" cb="0"/><line nr="68" mi="3" ci="0" mb="0" cb="0"/><line nr="69" mi="2" ci="0" mb="2" cb="0"/><line nr="70" mi="2" ci="0" mb="0" cb="0"/><line nr="72" mi="2" ci="0" mb="0" cb="0"/><line nr="76" mi="2" ci="0" mb="2" cb="0"/><line nr="77" mi="2" ci="0" mb="0" cb="0"/><line nr="79" mi="3" ci="0" mb="0" cb="0"/><line nr="80" mi="2" ci="0" mb="2" cb="0"/><line nr="81" mi="2" ci="0" mb="0" cb="0"/><line nr="83" mi="3" ci="0" mb="0" cb="0"/><line nr="84" mi="2" ci="0" mb="2" cb="0"/><line nr="85" mi="2" ci="0" mb="0" cb="0"/><line nr="87" mi="2" ci="0" mb="0" cb="0"/><line nr="91" mi="2" ci="0" mb="2" cb="0"/><line nr="92" mi="2" ci="0" mb="0" cb="0"/><line nr="94" mi="3" ci="0" mb="0" cb="0"/><line nr="95" mi="2" ci="0" mb="2" cb="0"/><line nr="96" mi="2" ci="0" mb="0" cb="0"/><line nr="98" mi="3" ci="0" mb="0" cb="0"/><line nr="99" mi="2" ci="0" mb="2" cb="0"/><line nr="100" mi="2" ci="0" mb="0" cb="0"/><line nr="102" mi="2" ci="0" mb="0" cb="0"/><line nr="106" mi="2" ci="0" mb="2" cb="0"/><line nr="107" mi="2" ci="0" mb="0" cb="0"/><line nr="109" mi="3" ci="0" mb="0" cb="0"/><line nr="110" mi="2" ci="0" mb="2" cb="0"/><line nr="111" mi="2" ci="0" mb="0" cb="0"/><line nr="113" mi="3" ci="0" mb="0" cb="0"/><line nr="114" mi="2" ci="0" mb="2" cb="0"/><line nr="115" mi="2" ci="0" mb="0" cb="0"/><line nr="117" mi="2" ci="0" mb="0" cb="0"/><counter type="INSTRUCTION" missed="175" covered="0"/><counter type="BRANCH" missed="28" covered="0"/><counter type="LINE" missed="61" covered="0"/><counter type="COMPLEXITY" missed="21" covered="0"/><counter type="METHOD" missed="7" covered="0"/><counter type="CLASS" missed="1" covered="0"/></sourcefile><counter type="INSTRUCTION" missed="175" covered="0"/><counter type="BRANCH" missed="28" covered="0"/><counter type="LINE" missed="61" covered="0"/><counter type="COMPLEXITY" missed="21" covered="0"/><counter type="METHOD" missed="7" covered="0"/><counter type="CLASS" missed="1" covered="0"/></package><package name="ma/ensias/mentorpath/auth/controller"><class name="ma/ensias/mentorpath/auth/controller/AuthController" sourcefilename="AuthController.java"><method name="register" desc="(Lma/ensias/mentorpath/auth/dto/RegisterRequest;)Lorg/springframework/http/ResponseEntity;" line="38"><counter type="INSTRUCTION" missed="12" covered="0"/><counter type="LINE" missed="4" covered="0"/><counter type="COMPLEXITY" missed="1" covered="0"/><counter type="METHOD" missed="1" covered="0"/></method><method name="login" desc="(Lma/ensias/mentorpath/auth/dto/LoginRequest;)Lorg/springframework/http/ResponseEntity;" line="54"><counter type="INSTRUCTION" missed="10" covered="0"/><counter type="LINE" missed="2" covered="0"/><counter type="COMPLEXITY" missed="1" covered="0"/><counter type="METHOD" missed="1" covered="0"/></method><counter type="INSTRUCTION" missed="22" covered="0"/><counter type="LINE" missed="6" covered="0"/><counter type="COMPLEXITY" missed="2" covered="0"/><counter type="METHOD" missed="2" covered="0"/><counter type="CLASS" missed="1" covered="0"/></class><sourcefile name="AuthController.java"><line nr="38" mi="5" ci="0" mb="0" cb="0"/><line nr="39" mi="1" ci="0" mb="0" cb="0"/><line nr="40" mi="2" ci="0" mb="0" cb="0"/><line nr="41" mi="4" ci="0" mb="0" cb="0"/><line nr="54" mi="5" ci="0" mb="0" cb="0"/><line nr="55" mi="5" ci="0" mb="0" cb="0"/><counter type="INSTRUCTION" missed="22" covered="0"/><counter type="LINE" missed="6" covered="0"/><counter type="COMPLEXITY" missed="2" covered="0"/><counter type="METHOD" missed="2" covered="0"/><counter type="CLASS" missed="1" covered="0"/></sourcefile><counter type="INSTRUCTION" missed="22" covered="0"/><counter type="LINE" missed="6" covered="0"/><counter type="COMPLEXITY" missed="2" covered="0"/><counter type="METHOD" missed="2" covered="0"/><counter type="CLASS" missed="1" covered="0"/></package><package name="ma/ensias/mentorpath/auth/service/impl"><class name="ma/ensias/mentorpath/auth/service/impl/AuthServiceImpl" sourcefilename="AuthServiceImpl.java"><method name="register" desc="(Lma/ensias/mentorpath/auth/dto/RegisterRequest;)Lma/ensias/mentorpath/auth/dto/JwtResponse;" line="45"><counter type="INSTRUCTION" missed="0" covered="55"/><counter type="BRANCH" missed="0" covered="2"/><counter type="LINE" missed="0" covered="11"/><counter type="COMPLEXITY" missed="0" covered="2"/><counter type="METHOD" missed="0" covered="1"/></method><method name="login" desc="(Lma/ensias/mentorpath/auth/dto/LoginRequest;)Lma/ensias/mentorpath/auth/dto/JwtResponse;" line="72"><counter type="INSTRUCTION" missed="0" covered="38"/><counter type="LINE" missed="0" covered="5"/><counter type="COMPLEXITY" missed="0" covered="1"/><counter type="METHOD" missed="0" covered="1"/></method><method name="createProfile" desc="(Lma/ensias/mentorpath/user/entity/User;Lma/ensias/mentorpath/auth/dto/RegisterRequest;)V" line="88"><counter type="INSTRUCTION" missed="0" covered="53"/><counter type="BRANCH" missed="1" covered="2"/><counter type="LINE" missed="0" covered="18"/><counter type="COMPLEXITY" missed="1" covered="2"/><counter type="METHOD" missed="0" covered="1"/></method><counter type="INSTRUCTION" missed="0" covered="146"/><counter type="BRANCH" missed="1" covered="4"/><counter type="LINE" missed="0" covered="34"/><counter type="COMPLEXITY" missed="1" covered="5"/><counter type="METHOD" missed="0" covered="3"/><counter type="CLASS" missed="0" covered="1"/></class><sourcefile name="AuthServiceImpl.java"><line nr="45" mi="0" ci="6" mb="0" cb="2"/><line nr="46" mi="0" ci="6" mb="0" cb="0"/><line nr="50" mi="0" ci="2" mb="0" cb="0"/><line nr="51" mi="0" ci="3" mb="0" cb="0"/><line nr="52" mi="0" ci="6" mb="0" cb="0"/><line nr="53" mi="0" ci="3" mb="0" cb="0"/><line nr="54" mi="0" ci="1" mb="0" cb="0"/><line nr="55" mi="0" ci="5" mb="0" cb="0"/><line nr="58" mi="0" ci="4" mb="0" cb="0"/><line nr="61" mi="0" ci="9" mb="0" cb="0"/><line nr="62" mi="0" ci="10" mb="0" cb="0"/><line nr="72" mi="0" ci="4" mb="0" cb="0"/><line nr="73" mi="0" ci="7" mb="0" cb="0"/><line nr="75" mi="0" ci="8" mb="0" cb="0"/><line nr="77" mi="0" ci="9" mb="0" cb="0"/><line nr="78" mi="0" ci="10" mb="0" cb="0"/><line nr="88" mi="0" ci="6" mb="1" cb="2"/><line nr="90" mi="0" ci="2" mb="0" cb="0"/><line nr="91" mi="0" ci="2" mb="0" cb="0"/><line nr="92" mi="0" ci="3" mb="0" cb="0"/><line nr="93" mi="0" ci="3" mb="0" cb="0"/><line nr="94" mi="0" ci="3" mb="0" cb="0"/><line nr="95" mi="0" ci="3" mb="0" cb="0"/><line nr="96" mi="0" ci="1" mb="0" cb="0"/><line nr="97" mi="0" ci="6" mb="0" cb="0"/><line nr="100" mi="0" ci="2" mb="0" cb="0"/><line nr="101" mi="0" ci="2" mb="0" cb="0"/><line nr="102" mi="0" ci="3" mb="0" cb="0"/><line nr="103" mi="0" ci="3" mb="0" cb="0"/><line nr="104" mi="0" ci="3" mb="0" cb="0"/><line nr="105" mi="0" ci="3" mb="0" cb="0"/><line nr="106" mi="0" ci="1" mb="0" cb="0"/><line nr="107" mi="0" ci="6" mb="0" cb="0"/><line nr="111" mi="0" ci="1" mb="0" cb="0"/><counter type="INSTRUCTION" missed="0" covered="146"/><counter type="BRANCH" missed="1" covered="4"/><counter type="LINE" missed="0" covered="34"/><counter type="COMPLEXITY" missed="1" covered="5"/><counter type="METHOD" missed="0" covered="3"/><counter type="CLASS" missed="0" covered="1"/></sourcefile><counter type="INSTRUCTION" missed="0" covered="146"/><counter type="BRANCH" missed="1" covered="4"/><counter type="LINE" missed="0" covered="34"/><counter type="COMPLEXITY" missed="1" covered="5"/><counter type="METHOD" missed="0" covered="3"/><counter type="CLASS" missed="0" covered="1"/></package><counter type="INSTRUCTION" missed="701" covered="428"/><counter type="BRANCH" missed="55" covered="22"/><counter type="LINE" missed="190" covered="96"/><counter type="COMPLEXITY" missed="82" covered="16"/><counter type="METHOD" missed="46" covered="12"/><counter type="CLASS" missed="11" covered="5"/></report>